<?xml version="1.0" encoding="UTF-8"?>
<!-- Generated by org.testng.reporters.JUnitReportReporter -->
<testsuite skipped="0" hostname="Sridhars-MacBook-Pro-4.local" name="qa.alfresco.google.testcases.GoogleSearchTestRunner" tests="1" failures="0" timestamp="20 Feb 2018 10:51:26 GMT" time="18.729" errors="0">
  <testcase name="GoogleTest" time="18.729" classname="qa.alfresco.google.testcases.GoogleSearchTestRunner"/>
</testsuite> <!-- qa.alfresco.google.testcases.GoogleSearchTestRunner -->
