<?xml version="1.0" encoding="UTF-8"?>
<!-- Generated by org.testng.reporters.JUnitReportReporter -->
<testsuite skipped="0" hostname="Sridhars-MacBook-Pro.local" name="qa.alfresco.google.testcases.GoogleSearchTestRunner" tests="1" failures="0" timestamp="21 Feb 2018 01:37:00 GMT" time="61.716" errors="0">
  <testcase name="GoogleTest" time="61.716" classname="qa.alfresco.google.testcases.GoogleSearchTestRunner"/>
</testsuite> <!-- qa.alfresco.google.testcases.GoogleSearchTestRunner -->
