<?xml version="1.0" encoding="UTF-8"?>
<!-- Generated by org.testng.reporters.JUnitReportReporter -->
<testsuite skipped="0" hostname="Sridhars-MacBook-Pro.local" name="qa.alfresco.google.testcases.GoogleSearchTestRunner" tests="1" failures="0" timestamp="20 Feb 2018 13:19:32 GMT" time="43.833" errors="0">
  <testcase name="GoogleTest" time="43.833" classname="qa.alfresco.google.testcases.GoogleSearchTestRunner"/>
</testsuite> <!-- qa.alfresco.google.testcases.GoogleSearchTestRunner -->
