<?xml version="1.0" encoding="UTF-8"?>
<!-- Generated by org.testng.reporters.JUnitReportReporter -->
<testsuite hostname="Sridhars-MacBook-Pro.local" name="qa.alfresco.google.testcases.GoogleSearchResults" tests="1" failures="0" timestamp="20 Feb 2018 04:24:52 GMT" time="23.189" errors="0">
  <testcase name="doLogin" time="23.189" classname="qa.alfresco.google.testcases.GoogleSearchResults"/>
</testsuite> <!-- qa.alfresco.google.testcases.GoogleSearchResults -->
