<?xml version="1.0" encoding="UTF-8"?>
<testsuite xmlns:xsi="http://www.w3.org/2001/XMLSchema-instance" xsi:noNamespaceSchemaLocation="https://maven.apache.org/surefire/maven-surefire-plugin/xsd/surefire-test-report.xsd" name="qa.alfresco.google.testcases.GoogleSearchTestRunner" time="21.091" tests="1" errors="0" skipped="0" failures="0">
  <properties>
    <property name="gopherProxySet" value="false"/>
    <property name="awt.toolkit" value="sun.lwawt.macosx.LWCToolkit"/>
    <property name="file.encoding.pkg" value="sun.io"/>
    <property name="java.specification.version" value="1.8"/>
    <property name="sun.cpu.isalist" value=""/>
    <property name="sun.jnu.encoding" value="UTF-8"/>
    <property name="java.class.path" value="/Users/Rajitha/Documents/Projects/QADemo_WorkSpace/goolgeTestAutomation/target/test-classes:/Users/Rajitha/Documents/Projects/QADemo_WorkSpace/goolgeTestAutomation/target/classes:/Users/Rajitha/.m2/repository/org/apache/maven/plugins/maven-javadoc-plugin/3.0.0-M1/maven-javadoc-plugin-3.0.0-M1.jar:/Users/Rajitha/.m2/repository/org/apache/maven/maven-core/3.0/maven-core-3.0.jar:/Users/Rajitha/.m2/repository/org/apache/maven/maven-settings-builder/3.0/maven-settings-builder-3.0.jar:/Users/Rajitha/.m2/repository/org/apache/maven/maven-repository-metadata/3.0/maven-repository-metadata-3.0.jar:/Users/Rajitha/.m2/repository/org/apache/maven/maven-model-builder/3.0/maven-model-builder-3.0.jar:/Users/Rajitha/.m2/repository/org/apache/maven/maven-aether-provider/3.0/maven-aether-provider-3.0.jar:/Users/Rajitha/.m2/repository/org/sonatype/aether/aether-impl/1.7/aether-impl-1.7.jar:/Users/Rajitha/.m2/repository/org/sonatype/aether/aether-spi/1.7/aether-spi-1.7.jar:/Users/Rajitha/.m2/repository/org/sonatype/aether/aether-api/1.7/aether-api-1.7.jar:/Users/Rajitha/.m2/repository/org/sonatype/aether/aether-util/1.7/aether-util-1.7.jar:/Users/Rajitha/.m2/repository/org/sonatype/sisu/sisu-inject-plexus/1.4.2/sisu-inject-plexus-1.4.2.jar:/Users/Rajitha/.m2/repository/org/sonatype/sisu/sisu-inject-bean/1.4.2/sisu-inject-bean-1.4.2.jar:/Users/Rajitha/.m2/repository/org/sonatype/sisu/sisu-guice/2.1.7/sisu-guice-2.1.7-noaop.jar:/Users/Rajitha/.m2/repository/org/codehaus/plexus/plexus-interpolation/1.14/plexus-interpolation-1.14.jar:/Users/Rajitha/.m2/repository/org/codehaus/plexus/plexus-classworlds/2.2.3/plexus-classworlds-2.2.3.jar:/Users/Rajitha/.m2/repository/org/codehaus/plexus/plexus-component-annotations/1.5.5/plexus-component-annotations-1.5.5.jar:/Users/Rajitha/.m2/repository/org/sonatype/plexus/plexus-sec-dispatcher/1.3/plexus-sec-dispatcher-1.3.jar:/Users/Rajitha/.m2/repository/org/sonatype/plexus/plexus-cipher/1.4/plexus-cipher-1.4.jar:/Users/Rajitha/.m2/repository/org/apache/maven/maven-model/3.0/maven-model-3.0.jar:/Users/Rajitha/.m2/repository/org/apache/maven/maven-settings/3.0/maven-settings-3.0.jar:/Users/Rajitha/.m2/repository/org/apache/maven/maven-plugin-api/3.0/maven-plugin-api-3.0.jar:/Users/Rajitha/.m2/repository/org/apache/maven/maven-artifact/3.0/maven-artifact-3.0.jar:/Users/Rajitha/.m2/repository/org/apache/maven/reporting/maven-reporting-api/3.0/maven-reporting-api-3.0.jar:/Users/Rajitha/.m2/repository/org/apache/maven/maven-archiver/3.1.1/maven-archiver-3.1.1.jar:/Users/Rajitha/.m2/repository/org/apache/maven/shared/maven-shared-utils/3.0.1/maven-shared-utils-3.0.1.jar:/Users/Rajitha/.m2/repository/org/apache/maven/shared/maven-invoker/2.2/maven-invoker-2.2.jar:/Users/Rajitha/.m2/repository/org/apache/maven/shared/maven-common-artifact-filters/3.0.0/maven-common-artifact-filters-3.0.0.jar:/Users/Rajitha/.m2/repository/org/apache/maven/shared/maven-artifact-transfer/0.9.1/maven-artifact-transfer-0.9.1.jar:/Users/Rajitha/.m2/repository/org/slf4j/slf4j-api/1.7.5/slf4j-api-1.7.5.jar:/Users/Rajitha/.m2/repository/org/apache/maven/doxia/doxia-sink-api/1.7/doxia-sink-api-1.7.jar:/Users/Rajitha/.m2/repository/org/apache/maven/doxia/doxia-logging-api/1.7/doxia-logging-api-1.7.jar:/Users/Rajitha/.m2/repository/org/apache/maven/doxia/doxia-site-renderer/1.7.4/doxia-site-renderer-1.7.4.jar:/Users/Rajitha/.m2/repository/org/apache/maven/doxia/doxia-core/1.7/doxia-core-1.7.jar:/Users/Rajitha/.m2/repository/xmlunit/xmlunit/1.5/xmlunit-1.5.jar:/Users/Rajitha/.m2/repository/org/apache/maven/doxia/doxia-decoration-model/1.7.4/doxia-decoration-model-1.7.4.jar:/Users/Rajitha/.m2/repository/org/apache/maven/doxia/doxia-skin-model/1.7.4/doxia-skin-model-1.7.4.jar:/Users/Rajitha/.m2/repository/org/apache/maven/doxia/doxia-module-xhtml/1.7/doxia-module-xhtml-1.7.jar:/Users/Rajitha/.m2/repository/org/codehaus/plexus/plexus-i18n/1.0-beta-7/plexus-i18n-1.0-beta-7.jar:/Users/Rajitha/.m2/repository/org/codehaus/plexus/plexus-container-default/1.0-alpha-30/plexus-container-default-1.0-alpha-30.jar:/Users/Rajitha/.m2/repository/junit/junit/3.8.1/junit-3.8.1.jar:/Users/Rajitha/.m2/repository/org/codehaus/plexus/plexus-velocity/1.2/plexus-velocity-1.2.jar:/Users/Rajitha/.m2/repository/org/apache/velocity/velocity/1.7/velocity-1.7.jar:/Users/Rajitha/.m2/repository/org/apache/velocity/velocity-tools/2.0/velocity-tools-2.0.jar:/Users/Rajitha/.m2/repository/commons-chain/commons-chain/1.1/commons-chain-1.1.jar:/Users/Rajitha/.m2/repository/oro/oro/2.0.8/oro-2.0.8.jar:/Users/Rajitha/.m2/repository/sslext/sslext/1.2-0/sslext-1.2-0.jar:/Users/Rajitha/.m2/repository/org/apache/struts/struts-core/1.3.8/struts-core-1.3.8.jar:/Users/Rajitha/.m2/repository/antlr/antlr/2.7.2/antlr-2.7.2.jar:/Users/Rajitha/.m2/repository/org/apache/struts/struts-taglib/1.3.8/struts-taglib-1.3.8.jar:/Users/Rajitha/.m2/repository/org/apache/struts/struts-tiles/1.3.8/struts-tiles-1.3.8.jar:/Users/Rajitha/.m2/repository/commons-lang/commons-lang/2.4/commons-lang-2.4.jar:/Users/Rajitha/.m2/repository/org/apache/maven/wagon/wagon-provider-api/1.0-beta-6/wagon-provider-api-1.0-beta-6.jar:/Users/Rajitha/.m2/repository/org/apache/commons/commons-lang3/3.5/commons-lang3-3.5.jar:/Users/Rajitha/.m2/repository/commons-io/commons-io/2.5/commons-io-2.5.jar:/Users/Rajitha/.m2/repository/com/thoughtworks/qdox/qdox/1.12.1/qdox-1.12.1.jar:/Users/Rajitha/.m2/repository/org/codehaus/plexus/plexus-archiver/3.4/plexus-archiver-3.4.jar:/Users/Rajitha/.m2/repository/org/codehaus/plexus/plexus-io/2.7.1/plexus-io-2.7.1.jar:/Users/Rajitha/.m2/repository/org/apache/commons/commons-compress/1.11/commons-compress-1.11.jar:/Users/Rajitha/.m2/repository/org/iq80/snappy/snappy/0.4/snappy-0.4.jar:/Users/Rajitha/.m2/repository/org/tukaani/xz/1.5/xz-1.5.jar:/Users/Rajitha/.m2/repository/org/codehaus/plexus/plexus-utils/3.0.24/plexus-utils-3.0.24.jar:/Users/Rajitha/.m2/repository/org/codehaus/plexus/plexus-interactivity-api/1.0-alpha-4/plexus-interactivity-api-1.0-alpha-4.jar:/Users/Rajitha/.m2/repository/classworlds/classworlds/1.1-alpha-2/classworlds-1.1-alpha-2.jar:/Users/Rajitha/.m2/repository/org/testng/testng/6.11/testng-6.11.jar:/Users/Rajitha/.m2/repository/com/beust/jcommander/1.64/jcommander-1.64.jar:/Users/Rajitha/.m2/repository/org/yaml/snakeyaml/1.17/snakeyaml-1.17.jar:/Users/Rajitha/.m2/repository/net/sf/saxon/saxon/8.7/saxon-8.7.jar:/Users/Rajitha/.m2/repository/org/apache/poi/poi/3.17/poi-3.17.jar:/Users/Rajitha/.m2/repository/commons-codec/commons-codec/1.10/commons-codec-1.10.jar:/Users/Rajitha/.m2/repository/org/apache/commons/commons-collections4/4.1/commons-collections4-4.1.jar:/Users/Rajitha/.m2/repository/org/apache/poi/poi-ooxml/3.17/poi-ooxml-3.17.jar:/Users/Rajitha/.m2/repository/com/github/virtuald/curvesapi/1.04/curvesapi-1.04.jar:/Users/Rajitha/.m2/repository/org/apache/poi/poi-ooxml-schemas/3.17/poi-ooxml-schemas-3.17.jar:/Users/Rajitha/.m2/repository/dom4j/dom4j/1.6.1/dom4j-1.6.1.jar:/Users/Rajitha/.m2/repository/xml-apis/xml-apis/1.0.b2/xml-apis-1.0.b2.jar:/Users/Rajitha/.m2/repository/org/apache/xmlbeans/xmlbeans/2.6.0/xmlbeans-2.6.0.jar:/Users/Rajitha/.m2/repository/stax/stax-api/1.0.1/stax-api-1.0.1.jar:/Users/Rajitha/.m2/repository/org/seleniumhq/selenium/selenium-java/3.8.0/selenium-java-3.8.0.jar:/Users/Rajitha/.m2/repository/org/seleniumhq/selenium/selenium-api/3.8.0/selenium-api-3.8.0.jar:/Users/Rajitha/.m2/repository/org/seleniumhq/selenium/selenium-chrome-driver/3.8.0/selenium-chrome-driver-3.8.0.jar:/Users/Rajitha/.m2/repository/org/seleniumhq/selenium/selenium-edge-driver/3.8.0/selenium-edge-driver-3.8.0.jar:/Users/Rajitha/.m2/repository/org/seleniumhq/selenium/selenium-firefox-driver/3.8.0/selenium-firefox-driver-3.8.0.jar:/Users/Rajitha/.m2/repository/org/seleniumhq/selenium/selenium-ie-driver/3.8.0/selenium-ie-driver-3.8.0.jar:/Users/Rajitha/.m2/repository/org/seleniumhq/selenium/selenium-opera-driver/3.8.0/selenium-opera-driver-3.8.0.jar:/Users/Rajitha/.m2/repository/org/seleniumhq/selenium/selenium-remote-driver/3.8.0/selenium-remote-driver-3.8.0.jar:/Users/Rajitha/.m2/repository/org/seleniumhq/selenium/selenium-safari-driver/3.8.0/selenium-safari-driver-3.8.0.jar:/Users/Rajitha/.m2/repository/org/seleniumhq/selenium/selenium-support/3.8.0/selenium-support-3.8.0.jar:/Users/Rajitha/.m2/repository/net/bytebuddy/byte-buddy/1.7.5/byte-buddy-1.7.5.jar:/Users/Rajitha/.m2/repository/org/apache/commons/commons-exec/1.3/commons-exec-1.3.jar:/Users/Rajitha/.m2/repository/commons-logging/commons-logging/1.2/commons-logging-1.2.jar:/Users/Rajitha/.m2/repository/org/apache/httpcomponents/httpcore/4.4.6/httpcore-4.4.6.jar:/Users/Rajitha/.m2/repository/com/relevantcodes/extentreports/2.41.2/extentreports-2.41.2.jar:/Users/Rajitha/.m2/repository/org/jsoup/jsoup/1.8.3/jsoup-1.8.3.jar:/Users/Rajitha/.m2/repository/org/xerial/sqlite-jdbc/3.8.11.1/sqlite-jdbc-3.8.11.1.jar:/Users/Rajitha/.m2/repository/org/freemarker/freemarker/2.3.23/freemarker-2.3.23.jar:/Users/Rajitha/.m2/repository/org/mongodb/mongodb-driver/3.0.4/mongodb-driver-3.0.4.jar:/Users/Rajitha/.m2/repository/org/mongodb/bson/3.0.4/bson-3.0.4.jar:/Users/Rajitha/.m2/repository/org/mongodb/mongodb-driver-core/3.0.4/mongodb-driver-core-3.0.4.jar:/Users/Rajitha/.m2/repository/io/appium/java-client/5.0.4/java-client-5.0.4.jar:/Users/Rajitha/.m2/repository/org/springframework/spring-context/5.0.0.RELEASE/spring-context-5.0.0.RELEASE.jar:/Users/Rajitha/.m2/repository/org/springframework/spring-aop/5.0.0.RELEASE/spring-aop-5.0.0.RELEASE.jar:/Users/Rajitha/.m2/repository/org/springframework/spring-beans/5.0.0.RELEASE/spring-beans-5.0.0.RELEASE.jar:/Users/Rajitha/.m2/repository/org/springframework/spring-core/5.0.0.RELEASE/spring-core-5.0.0.RELEASE.jar:/Users/Rajitha/.m2/repository/org/springframework/spring-jcl/5.0.0.RELEASE/spring-jcl-5.0.0.RELEASE.jar:/Users/Rajitha/.m2/repository/org/springframework/spring-expression/5.0.0.RELEASE/spring-expression-5.0.0.RELEASE.jar:/Users/Rajitha/.m2/repository/org/aspectj/aspectjweaver/1.8.11/aspectjweaver-1.8.11.jar:/Users/Rajitha/.m2/repository/org/openpnp/opencv/3.2.0-1/opencv-3.2.0-1.jar:/Users/Rajitha/.m2/repository/com/google/code/gson/gson/2.8.2/gson-2.8.2.jar:/Users/Rajitha/.m2/repository/org/apache/httpcomponents/httpclient/4.5.3/httpclient-4.5.3.jar:/Users/Rajitha/.m2/repository/com/google/guava/guava/23.0/guava-23.0.jar:/Users/Rajitha/.m2/repository/com/google/code/findbugs/jsr305/1.3.9/jsr305-1.3.9.jar:/Users/Rajitha/.m2/repository/com/google/errorprone/error_prone_annotations/2.0.18/error_prone_annotations-2.0.18.jar:/Users/Rajitha/.m2/repository/com/google/j2objc/j2objc-annotations/1.1/j2objc-annotations-1.1.jar:/Users/Rajitha/.m2/repository/org/codehaus/mojo/animal-sniffer-annotations/1.14/animal-sniffer-annotations-1.14.jar:/Users/Rajitha/.m2/repository/cglib/cglib/3.2.5/cglib-3.2.5.jar:/Users/Rajitha/.m2/repository/org/ow2/asm/asm/5.2/asm-5.2.jar:/Users/Rajitha/.m2/repository/org/apache/ant/ant/1.9.6/ant-1.9.6.jar:/Users/Rajitha/.m2/repository/org/apache/ant/ant-launcher/1.9.6/ant-launcher-1.9.6.jar:/Users/Rajitha/.m2/repository/commons-validator/commons-validator/1.6/commons-validator-1.6.jar:/Users/Rajitha/.m2/repository/commons-beanutils/commons-beanutils/1.9.2/commons-beanutils-1.9.2.jar:/Users/Rajitha/.m2/repository/commons-digester/commons-digester/1.8.1/commons-digester-1.8.1.jar:/Users/Rajitha/.m2/repository/commons-collections/commons-collections/3.2.2/commons-collections-3.2.2.jar:/Users/Rajitha/.m2/repository/javax/mail/javax.mail-api/1.6.0/javax.mail-api-1.6.0.jar:/Users/Rajitha/.m2/repository/com/sun/mail/javax.mail/1.6.0/javax.mail-1.6.0.jar:/Users/Rajitha/.m2/repository/javax/activation/activation/1.1/activation-1.1.jar:/Users/Rajitha/.m2/repository/org/apache/maven/surefire/surefire-testng-utils/2.20.1/surefire-testng-utils-2.20.1.jar:/Users/Rajitha/.m2/repository/org/apache/maven/surefire/surefire-grouper/2.20.1/surefire-grouper-2.20.1.jar:"/>
    <property name="java.vm.vendor" value="Oracle Corporation"/>
    <property name="sun.arch.data.model" value="64"/>
    <property name="java.vendor.url" value="http://java.oracle.com/"/>
    <property name="user.timezone" value=""/>
    <property name="suiteXmlFile" value="testng.xml"/>
    <property name="java.vm.specification.version" value="1.8"/>
    <property name="os.name" value="Mac OS X"/>
    <property name="user.country" value="GB"/>
    <property name="sun.java.launcher" value="SUN_STANDARD"/>
    <property name="sun.boot.library.path" value="/Library/Java/JavaVirtualMachines/jdk1.8.0_144.jdk/Contents/Home/jre/lib"/>
    <property name="sun.java.command" value="/Users/Rajitha/Documents/Projects/QADemo_WorkSpace/goolgeTestAutomation/target/surefire/surefirebooter7136639968641820433.jar /Users/Rajitha/Documents/Projects/QADemo_WorkSpace/goolgeTestAutomation/target/surefire 2018-02-20T12-19-58_044-jvmRun1 surefire7896403156122550613tmp surefire_07025278442602704945tmp"/>
    <property name="http.nonProxyHosts" value="local|*.local|169.254/16|*.169.254/16"/>
    <property name="surefire.test.class.path" value="/Users/Rajitha/Documents/Projects/QADemo_WorkSpace/goolgeTestAutomation/target/test-classes:/Users/Rajitha/Documents/Projects/QADemo_WorkSpace/goolgeTestAutomation/target/classes:/Users/Rajitha/.m2/repository/org/apache/maven/plugins/maven-javadoc-plugin/3.0.0-M1/maven-javadoc-plugin-3.0.0-M1.jar:/Users/Rajitha/.m2/repository/org/apache/maven/maven-core/3.0/maven-core-3.0.jar:/Users/Rajitha/.m2/repository/org/apache/maven/maven-settings-builder/3.0/maven-settings-builder-3.0.jar:/Users/Rajitha/.m2/repository/org/apache/maven/maven-repository-metadata/3.0/maven-repository-metadata-3.0.jar:/Users/Rajitha/.m2/repository/org/apache/maven/maven-model-builder/3.0/maven-model-builder-3.0.jar:/Users/Rajitha/.m2/repository/org/apache/maven/maven-aether-provider/3.0/maven-aether-provider-3.0.jar:/Users/Rajitha/.m2/repository/org/sonatype/aether/aether-impl/1.7/aether-impl-1.7.jar:/Users/Rajitha/.m2/repository/org/sonatype/aether/aether-spi/1.7/aether-spi-1.7.jar:/Users/Rajitha/.m2/repository/org/sonatype/aether/aether-api/1.7/aether-api-1.7.jar:/Users/Rajitha/.m2/repository/org/sonatype/aether/aether-util/1.7/aether-util-1.7.jar:/Users/Rajitha/.m2/repository/org/sonatype/sisu/sisu-inject-plexus/1.4.2/sisu-inject-plexus-1.4.2.jar:/Users/Rajitha/.m2/repository/org/sonatype/sisu/sisu-inject-bean/1.4.2/sisu-inject-bean-1.4.2.jar:/Users/Rajitha/.m2/repository/org/sonatype/sisu/sisu-guice/2.1.7/sisu-guice-2.1.7-noaop.jar:/Users/Rajitha/.m2/repository/org/codehaus/plexus/plexus-interpolation/1.14/plexus-interpolation-1.14.jar:/Users/Rajitha/.m2/repository/org/codehaus/plexus/plexus-classworlds/2.2.3/plexus-classworlds-2.2.3.jar:/Users/Rajitha/.m2/repository/org/codehaus/plexus/plexus-component-annotations/1.5.5/plexus-component-annotations-1.5.5.jar:/Users/Rajitha/.m2/repository/org/sonatype/plexus/plexus-sec-dispatcher/1.3/plexus-sec-dispatcher-1.3.jar:/Users/Rajitha/.m2/repository/org/sonatype/plexus/plexus-cipher/1.4/plexus-cipher-1.4.jar:/Users/Rajitha/.m2/repository/org/apache/maven/maven-model/3.0/maven-model-3.0.jar:/Users/Rajitha/.m2/repository/org/apache/maven/maven-settings/3.0/maven-settings-3.0.jar:/Users/Rajitha/.m2/repository/org/apache/maven/maven-plugin-api/3.0/maven-plugin-api-3.0.jar:/Users/Rajitha/.m2/repository/org/apache/maven/maven-artifact/3.0/maven-artifact-3.0.jar:/Users/Rajitha/.m2/repository/org/apache/maven/reporting/maven-reporting-api/3.0/maven-reporting-api-3.0.jar:/Users/Rajitha/.m2/repository/org/apache/maven/maven-archiver/3.1.1/maven-archiver-3.1.1.jar:/Users/Rajitha/.m2/repository/org/apache/maven/shared/maven-shared-utils/3.0.1/maven-shared-utils-3.0.1.jar:/Users/Rajitha/.m2/repository/org/apache/maven/shared/maven-invoker/2.2/maven-invoker-2.2.jar:/Users/Rajitha/.m2/repository/org/apache/maven/shared/maven-common-artifact-filters/3.0.0/maven-common-artifact-filters-3.0.0.jar:/Users/Rajitha/.m2/repository/org/apache/maven/shared/maven-artifact-transfer/0.9.1/maven-artifact-transfer-0.9.1.jar:/Users/Rajitha/.m2/repository/org/slf4j/slf4j-api/1.7.5/slf4j-api-1.7.5.jar:/Users/Rajitha/.m2/repository/org/apache/maven/doxia/doxia-sink-api/1.7/doxia-sink-api-1.7.jar:/Users/Rajitha/.m2/repository/org/apache/maven/doxia/doxia-logging-api/1.7/doxia-logging-api-1.7.jar:/Users/Rajitha/.m2/repository/org/apache/maven/doxia/doxia-site-renderer/1.7.4/doxia-site-renderer-1.7.4.jar:/Users/Rajitha/.m2/repository/org/apache/maven/doxia/doxia-core/1.7/doxia-core-1.7.jar:/Users/Rajitha/.m2/repository/xmlunit/xmlunit/1.5/xmlunit-1.5.jar:/Users/Rajitha/.m2/repository/org/apache/maven/doxia/doxia-decoration-model/1.7.4/doxia-decoration-model-1.7.4.jar:/Users/Rajitha/.m2/repository/org/apache/maven/doxia/doxia-skin-model/1.7.4/doxia-skin-model-1.7.4.jar:/Users/Rajitha/.m2/repository/org/apache/maven/doxia/doxia-module-xhtml/1.7/doxia-module-xhtml-1.7.jar:/Users/Rajitha/.m2/repository/org/codehaus/plexus/plexus-i18n/1.0-beta-7/plexus-i18n-1.0-beta-7.jar:/Users/Rajitha/.m2/repository/org/codehaus/plexus/plexus-container-default/1.0-alpha-30/plexus-container-default-1.0-alpha-30.jar:/Users/Rajitha/.m2/repository/junit/junit/3.8.1/junit-3.8.1.jar:/Users/Rajitha/.m2/repository/org/codehaus/plexus/plexus-velocity/1.2/plexus-velocity-1.2.jar:/Users/Rajitha/.m2/repository/org/apache/velocity/velocity/1.7/velocity-1.7.jar:/Users/Rajitha/.m2/repository/org/apache/velocity/velocity-tools/2.0/velocity-tools-2.0.jar:/Users/Rajitha/.m2/repository/commons-chain/commons-chain/1.1/commons-chain-1.1.jar:/Users/Rajitha/.m2/repository/oro/oro/2.0.8/oro-2.0.8.jar:/Users/Rajitha/.m2/repository/sslext/sslext/1.2-0/sslext-1.2-0.jar:/Users/Rajitha/.m2/repository/org/apache/struts/struts-core/1.3.8/struts-core-1.3.8.jar:/Users/Rajitha/.m2/repository/antlr/antlr/2.7.2/antlr-2.7.2.jar:/Users/Rajitha/.m2/repository/org/apache/struts/struts-taglib/1.3.8/struts-taglib-1.3.8.jar:/Users/Rajitha/.m2/repository/org/apache/struts/struts-tiles/1.3.8/struts-tiles-1.3.8.jar:/Users/Rajitha/.m2/repository/commons-lang/commons-lang/2.4/commons-lang-2.4.jar:/Users/Rajitha/.m2/repository/org/apache/maven/wagon/wagon-provider-api/1.0-beta-6/wagon-provider-api-1.0-beta-6.jar:/Users/Rajitha/.m2/repository/org/apache/commons/commons-lang3/3.5/commons-lang3-3.5.jar:/Users/Rajitha/.m2/repository/commons-io/commons-io/2.5/commons-io-2.5.jar:/Users/Rajitha/.m2/repository/com/thoughtworks/qdox/qdox/1.12.1/qdox-1.12.1.jar:/Users/Rajitha/.m2/repository/org/codehaus/plexus/plexus-archiver/3.4/plexus-archiver-3.4.jar:/Users/Rajitha/.m2/repository/org/codehaus/plexus/plexus-io/2.7.1/plexus-io-2.7.1.jar:/Users/Rajitha/.m2/repository/org/apache/commons/commons-compress/1.11/commons-compress-1.11.jar:/Users/Rajitha/.m2/repository/org/iq80/snappy/snappy/0.4/snappy-0.4.jar:/Users/Rajitha/.m2/repository/org/tukaani/xz/1.5/xz-1.5.jar:/Users/Rajitha/.m2/repository/org/codehaus/plexus/plexus-utils/3.0.24/plexus-utils-3.0.24.jar:/Users/Rajitha/.m2/repository/org/codehaus/plexus/plexus-interactivity-api/1.0-alpha-4/plexus-interactivity-api-1.0-alpha-4.jar:/Users/Rajitha/.m2/repository/classworlds/classworlds/1.1-alpha-2/classworlds-1.1-alpha-2.jar:/Users/Rajitha/.m2/repository/org/testng/testng/6.11/testng-6.11.jar:/Users/Rajitha/.m2/repository/com/beust/jcommander/1.64/jcommander-1.64.jar:/Users/Rajitha/.m2/repository/org/yaml/snakeyaml/1.17/snakeyaml-1.17.jar:/Users/Rajitha/.m2/repository/net/sf/saxon/saxon/8.7/saxon-8.7.jar:/Users/Rajitha/.m2/repository/org/apache/poi/poi/3.17/poi-3.17.jar:/Users/Rajitha/.m2/repository/commons-codec/commons-codec/1.10/commons-codec-1.10.jar:/Users/Rajitha/.m2/repository/org/apache/commons/commons-collections4/4.1/commons-collections4-4.1.jar:/Users/Rajitha/.m2/repository/org/apache/poi/poi-ooxml/3.17/poi-ooxml-3.17.jar:/Users/Rajitha/.m2/repository/com/github/virtuald/curvesapi/1.04/curvesapi-1.04.jar:/Users/Rajitha/.m2/repository/org/apache/poi/poi-ooxml-schemas/3.17/poi-ooxml-schemas-3.17.jar:/Users/Rajitha/.m2/repository/dom4j/dom4j/1.6.1/dom4j-1.6.1.jar:/Users/Rajitha/.m2/repository/xml-apis/xml-apis/1.0.b2/xml-apis-1.0.b2.jar:/Users/Rajitha/.m2/repository/org/apache/xmlbeans/xmlbeans/2.6.0/xmlbeans-2.6.0.jar:/Users/Rajitha/.m2/repository/stax/stax-api/1.0.1/stax-api-1.0.1.jar:/Users/Rajitha/.m2/repository/org/seleniumhq/selenium/selenium-java/3.8.0/selenium-java-3.8.0.jar:/Users/Rajitha/.m2/repository/org/seleniumhq/selenium/selenium-api/3.8.0/selenium-api-3.8.0.jar:/Users/Rajitha/.m2/repository/org/seleniumhq/selenium/selenium-chrome-driver/3.8.0/selenium-chrome-driver-3.8.0.jar:/Users/Rajitha/.m2/repository/org/seleniumhq/selenium/selenium-edge-driver/3.8.0/selenium-edge-driver-3.8.0.jar:/Users/Rajitha/.m2/repository/org/seleniumhq/selenium/selenium-firefox-driver/3.8.0/selenium-firefox-driver-3.8.0.jar:/Users/Rajitha/.m2/repository/org/seleniumhq/selenium/selenium-ie-driver/3.8.0/selenium-ie-driver-3.8.0.jar:/Users/Rajitha/.m2/repository/org/seleniumhq/selenium/selenium-opera-driver/3.8.0/selenium-opera-driver-3.8.0.jar:/Users/Rajitha/.m2/repository/org/seleniumhq/selenium/selenium-remote-driver/3.8.0/selenium-remote-driver-3.8.0.jar:/Users/Rajitha/.m2/repository/org/seleniumhq/selenium/selenium-safari-driver/3.8.0/selenium-safari-driver-3.8.0.jar:/Users/Rajitha/.m2/repository/org/seleniumhq/selenium/selenium-support/3.8.0/selenium-support-3.8.0.jar:/Users/Rajitha/.m2/repository/net/bytebuddy/byte-buddy/1.7.5/byte-buddy-1.7.5.jar:/Users/Rajitha/.m2/repository/org/apache/commons/commons-exec/1.3/commons-exec-1.3.jar:/Users/Rajitha/.m2/repository/commons-logging/commons-logging/1.2/commons-logging-1.2.jar:/Users/Rajitha/.m2/repository/org/apache/httpcomponents/httpcore/4.4.6/httpcore-4.4.6.jar:/Users/Rajitha/.m2/repository/com/relevantcodes/extentreports/2.41.2/extentreports-2.41.2.jar:/Users/Rajitha/.m2/repository/org/jsoup/jsoup/1.8.3/jsoup-1.8.3.jar:/Users/Rajitha/.m2/repository/org/xerial/sqlite-jdbc/3.8.11.1/sqlite-jdbc-3.8.11.1.jar:/Users/Rajitha/.m2/repository/org/freemarker/freemarker/2.3.23/freemarker-2.3.23.jar:/Users/Rajitha/.m2/repository/org/mongodb/mongodb-driver/3.0.4/mongodb-driver-3.0.4.jar:/Users/Rajitha/.m2/repository/org/mongodb/bson/3.0.4/bson-3.0.4.jar:/Users/Rajitha/.m2/repository/org/mongodb/mongodb-driver-core/3.0.4/mongodb-driver-core-3.0.4.jar:/Users/Rajitha/.m2/repository/io/appium/java-client/5.0.4/java-client-5.0.4.jar:/Users/Rajitha/.m2/repository/org/springframework/spring-context/5.0.0.RELEASE/spring-context-5.0.0.RELEASE.jar:/Users/Rajitha/.m2/repository/org/springframework/spring-aop/5.0.0.RELEASE/spring-aop-5.0.0.RELEASE.jar:/Users/Rajitha/.m2/repository/org/springframework/spring-beans/5.0.0.RELEASE/spring-beans-5.0.0.RELEASE.jar:/Users/Rajitha/.m2/repository/org/springframework/spring-core/5.0.0.RELEASE/spring-core-5.0.0.RELEASE.jar:/Users/Rajitha/.m2/repository/org/springframework/spring-jcl/5.0.0.RELEASE/spring-jcl-5.0.0.RELEASE.jar:/Users/Rajitha/.m2/repository/org/springframework/spring-expression/5.0.0.RELEASE/spring-expression-5.0.0.RELEASE.jar:/Users/Rajitha/.m2/repository/org/aspectj/aspectjweaver/1.8.11/aspectjweaver-1.8.11.jar:/Users/Rajitha/.m2/repository/org/openpnp/opencv/3.2.0-1/opencv-3.2.0-1.jar:/Users/Rajitha/.m2/repository/com/google/code/gson/gson/2.8.2/gson-2.8.2.jar:/Users/Rajitha/.m2/repository/org/apache/httpcomponents/httpclient/4.5.3/httpclient-4.5.3.jar:/Users/Rajitha/.m2/repository/com/google/guava/guava/23.0/guava-23.0.jar:/Users/Rajitha/.m2/repository/com/google/code/findbugs/jsr305/1.3.9/jsr305-1.3.9.jar:/Users/Rajitha/.m2/repository/com/google/errorprone/error_prone_annotations/2.0.18/error_prone_annotations-2.0.18.jar:/Users/Rajitha/.m2/repository/com/google/j2objc/j2objc-annotations/1.1/j2objc-annotations-1.1.jar:/Users/Rajitha/.m2/repository/org/codehaus/mojo/animal-sniffer-annotations/1.14/animal-sniffer-annotations-1.14.jar:/Users/Rajitha/.m2/repository/cglib/cglib/3.2.5/cglib-3.2.5.jar:/Users/Rajitha/.m2/repository/org/ow2/asm/asm/5.2/asm-5.2.jar:/Users/Rajitha/.m2/repository/org/apache/ant/ant/1.9.6/ant-1.9.6.jar:/Users/Rajitha/.m2/repository/org/apache/ant/ant-launcher/1.9.6/ant-launcher-1.9.6.jar:/Users/Rajitha/.m2/repository/commons-validator/commons-validator/1.6/commons-validator-1.6.jar:/Users/Rajitha/.m2/repository/commons-beanutils/commons-beanutils/1.9.2/commons-beanutils-1.9.2.jar:/Users/Rajitha/.m2/repository/commons-digester/commons-digester/1.8.1/commons-digester-1.8.1.jar:/Users/Rajitha/.m2/repository/commons-collections/commons-collections/3.2.2/commons-collections-3.2.2.jar:/Users/Rajitha/.m2/repository/javax/mail/javax.mail-api/1.6.0/javax.mail-api-1.6.0.jar:/Users/Rajitha/.m2/repository/com/sun/mail/javax.mail/1.6.0/javax.mail-1.6.0.jar:/Users/Rajitha/.m2/repository/javax/activation/activation/1.1/activation-1.1.jar:/Users/Rajitha/.m2/repository/org/apache/maven/surefire/surefire-testng-utils/2.20.1/surefire-testng-utils-2.20.1.jar:/Users/Rajitha/.m2/repository/org/apache/maven/surefire/surefire-grouper/2.20.1/surefire-grouper-2.20.1.jar:"/>
    <property name="sun.cpu.endian" value="little"/>
    <property name="user.home" value="/Users/Rajitha"/>
    <property name="user.language" value="en"/>
    <property name="java.specification.vendor" value="Oracle Corporation"/>
    <property name="java.home" value="/Library/Java/JavaVirtualMachines/jdk1.8.0_144.jdk/Contents/Home/jre"/>
    <property name="basedir" value="/Users/Rajitha/Documents/Projects/QADemo_WorkSpace/goolgeTestAutomation"/>
    <property name="file.separator" value="/"/>
    <property name="line.separator" value="&#10;"/>
    <property name="java.vm.specification.vendor" value="Oracle Corporation"/>
    <property name="java.specification.name" value="Java Platform API Specification"/>
    <property name="java.awt.graphicsenv" value="sun.awt.CGraphicsEnvironment"/>
    <property name="surefire.real.class.path" value="/Users/Rajitha/Documents/Projects/QADemo_WorkSpace/goolgeTestAutomation/target/surefire/surefirebooter7136639968641820433.jar"/>
    <property name="sun.boot.class.path" value="/Library/Java/JavaVirtualMachines/jdk1.8.0_144.jdk/Contents/Home/jre/lib/resources.jar:/Library/Java/JavaVirtualMachines/jdk1.8.0_144.jdk/Contents/Home/jre/lib/rt.jar:/Library/Java/JavaVirtualMachines/jdk1.8.0_144.jdk/Contents/Home/jre/lib/sunrsasign.jar:/Library/Java/JavaVirtualMachines/jdk1.8.0_144.jdk/Contents/Home/jre/lib/jsse.jar:/Library/Java/JavaVirtualMachines/jdk1.8.0_144.jdk/Contents/Home/jre/lib/jce.jar:/Library/Java/JavaVirtualMachines/jdk1.8.0_144.jdk/Contents/Home/jre/lib/charsets.jar:/Library/Java/JavaVirtualMachines/jdk1.8.0_144.jdk/Contents/Home/jre/lib/jfr.jar:/Library/Java/JavaVirtualMachines/jdk1.8.0_144.jdk/Contents/Home/jre/classes"/>
    <property name="sun.management.compiler" value="HotSpot 64-Bit Tiered Compilers"/>
    <property name="ftp.nonProxyHosts" value="local|*.local|169.254/16|*.169.254/16"/>
    <property name="java.runtime.version" value="1.8.0_144-b01"/>
    <property name="user.name" value="Rajitha"/>
    <property name="path.separator" value=":"/>
    <property name="os.version" value="10.13.3"/>
    <property name="java.endorsed.dirs" value="/Library/Java/JavaVirtualMachines/jdk1.8.0_144.jdk/Contents/Home/jre/lib/endorsed"/>
    <property name="java.runtime.name" value="Java(TM) SE Runtime Environment"/>
    <property name="file.encoding" value="UTF-8"/>
    <property name="java.vm.name" value="Java HotSpot(TM) 64-Bit Server VM"/>
    <property name="localRepository" value="/Users/Rajitha/.m2/repository"/>
    <property name="java.vendor.url.bug" value="http://bugreport.sun.com/bugreport/"/>
    <property name="java.io.tmpdir" value="/var/folders/gr/phqcr9w91wv7pcx9_f212dz00000gp/T/"/>
    <property name="java.version" value="1.8.0_144"/>
    <property name="user.dir" value="/Users/Rajitha/Documents/Projects/QADemo_WorkSpace/goolgeTestAutomation"/>
    <property name="os.arch" value="x86_64"/>
    <property name="java.vm.specification.name" value="Java Virtual Machine Specification"/>
    <property name="java.awt.printerjob" value="sun.lwawt.macosx.CPrinterJob"/>
    <property name="sun.os.patch.level" value="unknown"/>
    <property name="java.library.path" value="/Users/Rajitha/Library/Java/Extensions:/Library/Java/Extensions:/Network/Library/Java/Extensions:/System/Library/Java/Extensions:/usr/lib/java:."/>
    <property name="java.vm.info" value="mixed mode"/>
    <property name="java.vendor" value="Oracle Corporation"/>
    <property name="java.vm.version" value="25.144-b01"/>
    <property name="java.ext.dirs" value="/Users/Rajitha/Library/Java/Extensions:/Library/Java/JavaVirtualMachines/jdk1.8.0_144.jdk/Contents/Home/jre/lib/ext:/Library/Java/Extensions:/Network/Library/Java/Extensions:/System/Library/Java/Extensions:/usr/lib/java"/>
    <property name="sun.io.unicode.encoding" value="UnicodeBig"/>
    <property name="java.class.version" value="52.0"/>
    <property name="socksNonProxyHosts" value="local|*.local|169.254/16|*.169.254/16"/>
  </properties>
  <testcase name="GoogleTest" classname="qa.alfresco.google.testcases.GoogleSearchTestRunner" time="20.116"/>
</testsuite>